<?xml version="1.0" encoding="UTF-8"?>
<!-- Generated by org.testng.reporters.JUnitXMLReporter -->
<testsuite hostname="DESKTOP-DSBT63E" failures="0" tests="1" name="AdminRecentCertificateGenerationsandVerificationsSendMailChromeBrowser" time="27.979" errors="0" timestamp="11 Dec 2023 16:54:51 GMT">
  <testcase classname="com.cucumber.TestRunner.AdminRecentCertificateGenerationsandVerificationsSendMailRunner" name="feature" time="24.238"/>
</testsuite> <!-- AdminRecentCertificateGenerationsandVerificationsSendMailChromeBrowser -->
