<?xml version="1.0" encoding="UTF-8"?>
<!-- Generated by org.testng.reporters.JUnitXMLReporter -->
<testsuite hostname="DESKTOP-DSBT63E" failures="0" tests="1" name="AdminRecentCertificateGenerationsandVerificationsQRCodeChromeBrowser" time="27.404" errors="0" timestamp="11 Dec 2023 16:54:23 GMT">
  <testcase classname="com.cucumber.TestRunner.AdminRecentCertificateGenerationsandVerificationsQRCodeRunner" name="feature" time="23.404"/>
</testsuite> <!-- AdminRecentCertificateGenerationsandVerificationsQRCodeChromeBrowser -->
