<?xml version="1.0" encoding="UTF-8"?>
<!-- Generated by org.testng.reporters.JUnitXMLReporter -->
<testsuite hostname="DESKTOP-DSBT63E" failures="0" tests="1" name="UserRecentCertificateGenerationsandVerificationsQRCodeChromeBrowser" time="28.14" errors="0" timestamp="11 Dec 2023 17:07:43 GMT">
  <testcase classname="com.cucumber.TestRunner.UserRecentCertificateGenerationsandVerificationsQRCodeRunner" name="feature" time="23.912"/>
</testsuite> <!-- UserRecentCertificateGenerationsandVerificationsQRCodeChromeBrowser -->
