<?xml version="1.0" encoding="UTF-8"?>
<!-- Generated by org.testng.reporters.JUnitXMLReporter -->
<testsuite hostname="DESKTOP-DSBT63E" failures="0" tests="1" name="UserRecentCertificateGenerationsandVerificationsSendMailChromeBrowser" time="27.537" errors="0" timestamp="11 Dec 2023 17:08:10 GMT">
  <testcase classname="com.cucumber.TestRunner.UserRecentCertificateGenerationsandVerificationsSendMailRunner" name="feature" time="23.875"/>
</testsuite> <!-- UserRecentCertificateGenerationsandVerificationsSendMailChromeBrowser -->
