<?xml version="1.0" encoding="UTF-8"?>
<!-- Generated by org.testng.reporters.JUnitXMLReporter -->
<testsuite hostname="DESKTOP-DSBT63E" failures="0" tests="1" name="UserRecentCertificateGenerationsandVerificationSendMailChromeBrowser" time="6.131" errors="0" timestamp="10 Dec 2023 14:57:34 GMT">
  <testcase classname="com.cucumber.TestRunner.UserRecentCertificateGenerationsandVerificationsSendMailRunner" name="@AfterClass testDownClass" time="0.0">
    <failure type="java.lang.NullPointerException">
      <![CDATA[java.lang.NullPointerException
	at com.cucumber.listener.Reporter.addScreenCaptureFromPath(Reporter.java:94)
	at com.cucumber.TestRunner.UserRecentCertificateGenerationsandVerificationsSendMailRunner.testDownClass(UserRecentCertificateGenerationsandVerificationsSendMailRunner.java:54)
... Removed 24 stack frames]]>
    </failure>
  </testcase> <!-- @AfterClass testDownClass -->
  <testcase classname="com.cucumber.TestRunner.UserRecentCertificateGenerationsandVerificationsSendMailRunner" name="feature" time="0.0">
    <skipped/>
  </testcase> <!-- feature -->
</testsuite> <!-- UserRecentCertificateGenerationsandVerificationSendMailChromeBrowser -->
