<?xml version="1.0" encoding="UTF-8"?>
<!-- Generated by org.testng.reporters.JUnitXMLReporter -->
<testsuite hostname="DESKTOP-DSBT63E" failures="0" tests="1" name="UserRecentCertificateGenerationsandVerificationsOriginalCertificatesChromeBrowser" time="29.512" errors="0" timestamp="11 Dec 2023 17:07:15 GMT">
  <testcase classname="com.cucumber.TestRunner.UserRecentCertificateGenerationsandVerificationsOriginalCertificatesRunner" name="feature" time="25.637"/>
</testsuite> <!-- UserRecentCertificateGenerationsandVerificationsOriginalCertificatesChromeBrowser -->
