<?xml version="1.0" encoding="UTF-8"?>
<!-- Generated by org.testng.reporters.JUnitXMLReporter -->
<testsuite hostname="DESKTOP-2CV4BMU" name="ChromeBrowser" tests="6" failures="0" timestamp="23 Nov 2022 07:16:38 GMT" time="920.048" errors="0">
  <testcase name="feature" time="65.47" classname="com.cucumber.TestRunner.MyDayTemplateRunner"/>
  <testcase name="feature" time="99.532" classname="com.cucumber.TestRunner.LessonVideoRunner"/>
  <testcase name="feature" time="142.15" classname="com.cucumber.TestRunner.MyDayEssentialRunner"/>
  <testcase name="feature" time="83.987" classname="com.cucumber.TestRunner.MyDayActivitiWorkBookRunner"/>
  <testcase name="feature" time="240.424" classname="com.cucumber.TestRunner.CastelCrunchRunner"/>
  <testcase name="feature" time="193.167" classname="com.cucumber.TestRunner.PuppyFetchRunner"/>
</testsuite> <!-- ChromeBrowser -->
