<?xml version="1.0" encoding="UTF-8"?>
<!-- Generated by org.testng.reporters.JUnitXMLReporter -->
<testsuite hostname="DESKTOP-2CV4BMU" name="Verify Non GameingChromeBrowser" tests="6" failures="0" timestamp="23 Nov 2022 09:28:48 GMT" time="788.765" errors="0">
  <testcase name="feature" time="152.075" classname="com.cucumber.TestRunner.NonGamingRunner"/>
  <testcase name="feature" time="157.775" classname="com.cucumber.TestRunner.MyDayReteachingRunner"/>
  <testcase name="feature" time="82.031" classname="com.cucumber.TestRunner.HearMoreRunner"/>
  <testcase name="feature" time="87.885" classname="com.cucumber.TestRunner.SeeMoreRunner"/>
  <testcase name="feature" time="84.548" classname="com.cucumber.TestRunner.DoMoreRunner"/>
  <testcase name="feature" time="136.183" classname="com.cucumber.TestRunner.EnrichmentRunner"/>
</testsuite> <!-- Verify Non GameingChromeBrowser -->
