<?xml version="1.0" encoding="UTF-8"?>
<!-- Generated by org.testng.reporters.JUnitXMLReporter -->
<testsuite hostname="DESKTOP-2CV4BMU" name="Verify GuitarLegends GoForGold ChromeBrowser" tests="2" failures="0" timestamp="23 Nov 2022 12:12:03 GMT" time="309.511" errors="0">
  <testcase name="feature" time="135.504" classname="com.cucumber.TestRunner.GuitarLegendsRunner"/>
  <testcase name="feature" time="140.388" classname="com.cucumber.TestRunner.GoForGoldRunner"/>
</testsuite> <!-- Verify GuitarLegends GoForGold ChromeBrowser -->
