<?xml version="1.0" encoding="UTF-8"?>
<!-- Generated by org.testng.reporters.JUnitXMLReporter -->
<testsuite hostname="DESKTOP-2CV4BMU" name="VerifyMyday DunkTank PaintBall ChromeBrowser" tests="2" failures="0" timestamp="23 Nov 2022 12:37:11 GMT" time="487.485" errors="0">
  <testcase name="feature" time="264.347" classname="com.cucumber.TestRunner.DunkTankRunner"/>
  <testcase name="feature" time="196.429" classname="com.cucumber.TestRunner.PaintBallRunner"/>
</testsuite> <!-- VerifyMyday DunkTank PaintBall ChromeBrowser -->
