<?xml version="1.0" encoding="UTF-8"?>
<!-- Generated by org.testng.reporters.JUnitXMLReporter -->
<testsuite hostname="DESKTOP-2CV4BMU" name="VerifyMonkeySwipe WatchYourStep ChromeBrowser" tests="2" failures="0" timestamp="23 Nov 2022 12:02:29 GMT" time="624.947" errors="0">
  <testcase name="feature" time="298.933" classname="com.cucumber.TestRunner.MonkeySwipeRunner"/>
  <testcase name="feature" time="275.527" classname="com.cucumber.TestRunner.WatchYourStepRunner"/>
</testsuite> <!-- VerifyMonkeySwipe WatchYourStep ChromeBrowser -->
