<?xml version="1.0" encoding="UTF-8"?>
<!-- Generated by org.testng.reporters.JUnitXMLReporter -->
<testsuite hostname="DESKTOP-2CV4BMU" name="verify Myday activitysand lesson assessment ChromeBrowser" tests="6" failures="0" timestamp="23 Nov 2022 11:06:57 GMT" time="868.84" errors="0">
  <testcase name="feature" time="67.463" classname="com.cucumber.TestRunner.MyDayTemplateRunner"/>
  <testcase name="feature" time="78.695" classname="com.cucumber.TestRunner.LessonVideoRunner"/>
  <testcase name="feature" time="137.374" classname="com.cucumber.TestRunner.MyDayEssentialRunner"/>
  <testcase name="feature" time="68.672" classname="com.cucumber.TestRunner.MyDayActivitiWorkBookRunner"/>
  <testcase name="feature" time="229.83" classname="com.cucumber.TestRunner.CastelCrunchRunner"/>
  <testcase name="feature" time="196.2" classname="com.cucumber.TestRunner.PuppyFetchRunner"/>
</testsuite> <!-- verify Myday activitysand lesson assessment ChromeBrowser -->
