<?xml version="1.0" encoding="UTF-8"?>
<!-- Generated by org.testng.reporters.JUnitXMLReporter -->
<testsuite hostname="DESKTOP-2CV4BMU" name="VerifyMatchMania MagicHat ChromeBrowser" tests="2" failures="0" timestamp="23 Nov 2022 08:24:57 GMT" time="312.8" errors="0">
  <testcase name="feature" time="148.011" classname="com.cucumber.TestRunner.MatchManiaRunner"/>
  <testcase name="feature" time="137.702" classname="com.cucumber.TestRunner.MagicHatRunner"/>
</testsuite> <!-- VerifyMatchMania MagicHat ChromeBrowser -->
