<?xml version="1.0" encoding="UTF-8"?>
<!-- Generated by org.testng.reporters.JUnitXMLReporter -->
<testsuite hostname="DESKTOP-2CV4BMU" name="VerifyBrokenlinksChromeBrowser" tests="4" failures="0" timestamp="28 Nov 2022 05:58:58 GMT" time="144.542" errors="0">
  <testcase name="feature" time="0.463" classname="com.cucumber.TestRunner.LaunchapplicationRunner"/>
  <testcase name="feature" time="19.289" classname="com.cucumber.TestRunner.LoginRunner"/>
  <testcase name="feature" time="26.635" classname="com.cucumber.TestRunner.SelectCDSRunner"/>
  <testcase name="feature" time="22.496" classname="com.cucumber.TestRunner.BrokenLinksinHomepageRunner"/>
</testsuite> <!-- VerifyBrokenlinksChromeBrowser -->
