<?xml version="1.0" encoding="UTF-8"?>
<!-- Generated by org.testng.reporters.JUnitReportReporter -->
<testsuite hostname="DESKTOP-DSBT63E" failures="0" tests="1" name="com.cucumber.TestRunner.UserRecentCertificateGenerationsRevokeRunner" time="21.479" errors="0" timestamp="11 Dec 2023 17:12:35 GMT">
  <testcase classname="com.cucumber.TestRunner.UserRecentCertificateGenerationsRevokeRunner" name="feature" time="21.479"/>
</testsuite> <!-- com.cucumber.TestRunner.UserRecentCertificateGenerationsRevokeRunner -->
